<?xml version="1.0" encoding="UTF-8" standalone="yes"?><!DOCTYPE report PUBLIC "-//JACOCO//DTD Report 1.1//EN" "report.dtd"><report name="untitled"><sessioninfo id="MacBook-Pro-Maksim.local-ce6ad700" start="1720723640837" dump="1720723641392"/><sessioninfo id="MacBook-Pro-Maksim.local-fb12bcee" start="1720734118859" dump="1720734121057"/><sessioninfo id="MacBook-Pro-Maksim.local-31a22004" start="1720777354654" dump="1720777356657"/><sessioninfo id="MacBook-Pro-Maksim.local-476a5afe" start="1720779104529" dump="1720779106626"/><sessioninfo id="MacBook-Pro-Maksim.local-504f2f03" start="1720785316710" dump="1720785318742"/><sessioninfo id="MacBook-Pro-Maksim.local-b13ec209" start="1720789526891" dump="1720789529027"/><sessioninfo id="MacBook-Pro-Maksim.local-822212ae" start="1720789606090" dump="1720789608061"/><sessioninfo id="MacBook-Pro-Maksim.local-a5048f5b" start="1720789656393" dump="1720789658284"/><sessioninfo id="MacBook-Pro-Maksim.local-259abe53" start="1720790994484" dump="1720790996780"/><sessioninfo id="MacBook-Pro-Maksim.local-2cb76c4a" start="1720791744488" dump="1720791746723"/><sessioninfo id="MacBook-Pro-Maksim.local-b93d6ac0" start="1720794704270" dump="1720794706439"/><sessioninfo id="MacBook-Pro-Maksim.local-7f49167b" start="1720797121177" dump="1720797123230"/><sessioninfo id="MacBook-Pro-Maksim.local-58ba6ae1" start="1720797431588" dump="1720797433693"/><sessioninfo id="MacBook-Pro-Maksim.local-80869146" start="1720797457236" dump="1720797459030"/><sessioninfo id="MacBook-Pro-Maksim.local-7018f6e9" start="1720802680439" dump="1720802682461"/><sessioninfo id="MacBook-Pro-Maksim.local-a936a516" start="1720803018337" dump="1720803020492"/><sessioninfo id="MacBook-Pro-Maksim.local-c940c74" start="1720803767401" dump="1720803769406"/><sessioninfo id="MacBook-Pro-Maksim.local-28481c3a" start="1720803789388" dump="1720803791423"/><sessioninfo id="MacBook-Pro-Maksim.local-c514e2cf" start="1720805903215" dump="1720805905466"/><sessioninfo id="MacBook-Pro-Maksim.local-dc9f4a6a" start="1721055177722" dump="1721055179613"/><sessioninfo id="MacBook-Pro-Maksim.local-23c8a43" start="1721055256202" dump="1721055258179"/><sessioninfo id="MacBook-Pro-Maksim.local-51ff7c25" start="1721057150539" dump="1721057152382"/><sessioninfo id="MacBook-Pro-Maksim.local-bb2547c9" start="1721057206025" dump="1721057207874"/><sessioninfo id="MacBook-Pro-Maksim.local-27e62ed" start="1721057411016" dump="1721057412943"/><sessioninfo id="MacBook-Pro-Maksim.local-3c43d6ed" start="1721057492034" dump="1721057493998"/><sessioninfo id="MacBook-Pro-Maksim.local-e0daef1a" start="1721057742818" dump="1721057744626"/><sessioninfo id="MacBook-Pro-Maksim.local-3676956e" start="1721058354447" dump="1721058356506"/><sessioninfo id="MacBook-Pro-Maksim.local-b4851a0d" start="1721058417656" dump="1721058419666"/><sessioninfo id="MacBook-Pro-Maksim.local-ed339f48" start="1721058472918" dump="1721058474751"/><sessioninfo id="MacBook-Pro-Maksim.local-d91c284a" start="1721058585904" dump="1721058587894"/><sessioninfo id="MacBook-Pro-Maksim.local-ddb614c5" start="1721058767540" dump="1721058769513"/><sessioninfo id="MacBook-Pro-Maksim.local-d980070d" start="1721058815010" dump="1721058816969"/><sessioninfo id="MacBook-Pro-Maksim.local-5ac759f0" start="1721059307671" dump="1721059309622"/><sessioninfo id="MacBook-Pro-Maksim.local-6e183498" start="1721059357565" dump="1721059359389"/><sessioninfo id="MacBook-Pro-Maksim.local-5166b8df" start="1721059538634" dump="1721059540481"/><sessioninfo id="MacBook-Pro-Maksim.local-733b328a" start="1721072499663" dump="1721072501879"/><sessioninfo id="MacBook-Pro-Maksim.local-c04db402" start="1721072535968" dump="1721072537827"/><sessioninfo id="MacBook-Pro-Maksim.local-9274a3fa" start="1721072563155" dump="1721072564948"/><sessioninfo id="MacBook-Pro-Maksim.local-f8e29804" start="1721072616353" dump="1721072618206"/><sessioninfo id="MacBook-Pro-Maksim.local-56daf172" start="1721072661921" dump="1721072663766"/><sessioninfo id="MacBook-Pro-Maksim.local-c625786d" start="1721073490879" dump="1721073493007"/><sessioninfo id="MacBook-Pro-Maksim.local-23886c9a" start="1721074244038" dump="1721074245849"/><sessioninfo id="MacBook-Pro-Maksim.local-48af3a53" start="1721074984065" dump="1721074985927"/><package name="com/example"><class name="com/example/Feline" sourcefilename="Feline.java"><method name="&lt;init&gt;" desc="()V" line="5"><counter type="INSTRUCTION" missed="0" covered="3"/><counter type="LINE" missed="0" covered="1"/><counter type="COMPLEXITY" missed="0" covered="1"/><counter type="METHOD" missed="0" covered="1"/></method><method name="eatMeat" desc="()Ljava/util/List;" line="9"><counter type="INSTRUCTION" missed="0" covered="4"/><counter type="LINE" missed="0" covered="1"/><counter type="COMPLEXITY" missed="0" covered="1"/><counter type="METHOD" missed="0" covered="1"/></method><method name="getFamily" desc="()Ljava/lang/String;" line="14"><counter type="INSTRUCTION" missed="0" covered="2"/><counter type="LINE" missed="0" covered="1"/><counter type="COMPLEXITY" missed="0" covered="1"/><counter type="METHOD" missed="0" covered="1"/></method><method name="getKittens" desc="()I" line="18"><counter type="INSTRUCTION" missed="0" covered="4"/><counter type="LINE" missed="0" covered="1"/><counter type="COMPLEXITY" missed="0" covered="1"/><counter type="METHOD" missed="0" covered="1"/></method><method name="getKittens" desc="(I)I" line="22"><counter type="INSTRUCTION" missed="0" covered="2"/><counter type="LINE" missed="0" covered="1"/><counter type="COMPLEXITY" missed="0" covered="1"/><counter type="METHOD" missed="0" covered="1"/></method><counter type="INSTRUCTION" missed="0" covered="15"/><counter type="LINE" missed="0" covered="5"/><counter type="COMPLEXITY" missed="0" covered="5"/><counter type="METHOD" missed="0" covered="5"/><counter type="CLASS" missed="0" covered="1"/></class><class name="com/example/Animal" sourcefilename="Animal.java"><method name="&lt;init&gt;" desc="()V" line="5"><counter type="INSTRUCTION" missed="0" covered="3"/><counter type="LINE" missed="0" covered="1"/><counter type="COMPLEXITY" missed="0" covered="1"/><counter type="METHOD" missed="0" covered="1"/></method><method name="getFood" desc="(Ljava/lang/String;)Ljava/util/List;" line="8"><counter type="INSTRUCTION" missed="9" covered="13"/><counter type="BRANCH" missed="2" covered="2"/><counter type="LINE" missed="2" covered="3"/><counter type="COMPLEXITY" missed="2" covered="1"/><counter type="METHOD" missed="0" covered="1"/></method><method name="getFamily" desc="()Ljava/lang/String;" line="18"><counter type="INSTRUCTION" missed="2" covered="0"/><counter type="LINE" missed="1" covered="0"/><counter type="COMPLEXITY" missed="1" covered="0"/><counter type="METHOD" missed="1" covered="0"/></method><counter type="INSTRUCTION" missed="11" covered="16"/><counter type="BRANCH" missed="2" covered="2"/><counter type="LINE" missed="3" covered="4"/><counter type="COMPLEXITY" missed="3" covered="2"/><counter type="METHOD" missed="1" covered="2"/><counter type="CLASS" missed="0" covered="1"/></class><class name="com/example/Predator" sourcefilename="Predator.java"/><class name="com/example/Lion" sourcefilename="Lion.java"><method name="&lt;init&gt;" desc="(Ljava/lang/String;Lcom/example/Feline;)V" line="10"><counter type="INSTRUCTION" missed="0" covered="27"/><counter type="BRANCH" missed="0" covered="4"/><counter type="LINE" missed="0" covered="8"/><counter type="COMPLEXITY" missed="0" covered="3"/><counter type="METHOD" missed="0" covered="1"/></method><method name="getKittens" desc="()I" line="24"><counter type="INSTRUCTION" missed="0" covered="4"/><counter type="LINE" missed="0" covered="1"/><counter type="COMPLEXITY" missed="0" covered="1"/><counter type="METHOD" missed="0" covered="1"/></method><method name="doesHaveMane" desc="()Z" line="28"><counter type="INSTRUCTION" missed="0" covered="3"/><counter type="LINE" missed="0" covered="1"/><counter type="COMPLEXITY" missed="0" covered="1"/><counter type="METHOD" missed="0" covered="1"/></method><method name="getFood" desc="()Ljava/util/List;" line="32"><counter type="INSTRUCTION" missed="0" covered="5"/><counter type="LINE" missed="0" covered="1"/><counter type="COMPLEXITY" missed="0" covered="1"/><counter type="METHOD" missed="0" covered="1"/></method><counter type="INSTRUCTION" missed="0" covered="39"/><counter type="BRANCH" missed="0" covered="4"/><counter type="LINE" missed="0" covered="11"/><counter type="COMPLEXITY" missed="0" covered="6"/><counter type="METHOD" missed="0" covered="4"/><counter type="CLASS" missed="0" covered="1"/></class><class name="com/example/Cat" sourcefilename="Cat.java"><method name="&lt;init&gt;" desc="(Lcom/example/Feline;)V" line="9"><counter type="INSTRUCTION" missed="0" covered="6"/><counter type="LINE" missed="0" covered="3"/><counter type="COMPLEXITY" missed="0" covered="1"/><counter type="METHOD" missed="0" covered="1"/></method><method name="getSound" desc="()Ljava/lang/String;" line="14"><counter type="INSTRUCTION" missed="0" covered="2"/><counter type="LINE" missed="0" covered="1"/><counter type="COMPLEXITY" missed="0" covered="1"/><counter type="METHOD" missed="0" covered="1"/></method><method name="getFood" desc="()Ljava/util/List;" line="18"><counter type="INSTRUCTION" missed="0" covered="4"/><counter type="LINE" missed="0" covered="1"/><counter type="COMPLEXITY" missed="0" covered="1"/><counter type="METHOD" missed="0" covered="1"/></method><counter type="INSTRUCTION" missed="0" covered="12"/><counter type="LINE" missed="0" covered="5"/><counter type="COMPLEXITY" missed="0" covered="3"/><counter type="METHOD" missed="0" covered="3"/><counter type="CLASS" missed="0" covered="1"/></class><sourcefile name="Predator.java"/><sourcefile name="Lion.java"><line nr="10" mi="0" ci="2" mb="0" cb="0"/><line nr="11" mi="0" ci="3" mb="0" cb="0"/><line nr="12" mi="0" ci="4" mb="0" cb="2"/><line nr="13" mi="0" ci="4" mb="0" cb="0"/><line nr="14" mi="0" ci="4" mb="0" cb="2"/><line nr="15" mi="0" ci="4" mb="0" cb="0"/><line nr="17" mi="0" ci="5" mb="0" cb="0"/><line nr="19" mi="0" ci="1" mb="0" cb="0"/><line nr="24" mi="0" ci="4" mb="0" cb="0"/><line nr="28" mi="0" ci="3" mb="0" cb="0"/><line nr="32" mi="0" ci="5" mb="0" cb="0"/><counter type="INSTRUCTION" missed="0" covered="39"/><counter type="BRANCH" missed="0" covered="4"/><counter type="LINE" missed="0" covered="11"/><counter type="COMPLEXITY" missed="0" covered="6"/><counter type="METHOD" missed="0" covered="4"/><counter type="CLASS" missed="0" covered="1"/></sourcefile><sourcefile name="Animal.java"><line nr="5" mi="0" ci="3" mb="0" cb="0"/><line nr="8" mi="0" ci="4" mb="1" cb="1"/><line nr="9" mi="4" ci="0" mb="0" cb="0"/><line nr="10" mi="0" ci="4" mb="1" cb="1"/><line nr="11" mi="0" ci="5" mb="0" cb="0"/><line nr="13" mi="5" ci="0" mb="0" cb="0"/><line nr="18" mi="2" ci="0" mb="0" cb="0"/><counter type="INSTRUCTION" missed="11" covered="16"/><counter type="BRANCH" missed="2" covered="2"/><counter type="LINE" missed="3" covered="4"/><counter type="COMPLEXITY" missed="3" covered="2"/><counter type="METHOD" missed="1" covered="2"/><counter type="CLASS" missed="0" covered="1"/></sourcefile><sourcefile name="Feline.java"><line nr="5" mi="0" ci="3" mb="0" cb="0"/><line nr="9" mi="0" ci="4" mb="0" cb="0"/><line nr="14" mi="0" ci="2" mb="0" cb="0"/><line nr="18" mi="0" ci="4" mb="0" cb="0"/><line nr="22" mi="0" ci="2" mb="0" cb="0"/><counter type="INSTRUCTION" missed="0" covered="15"/><counter type="LINE" missed="0" covered="5"/><counter type="COMPLEXITY" missed="0" covered="5"/><counter type="METHOD" missed="0" covered="5"/><counter type="CLASS" missed="0" covered="1"/></sourcefile><sourcefile name="Cat.java"><line nr="9" mi="0" ci="2" mb="0" cb="0"/><line nr="10" mi="0" ci="3" mb="0" cb="0"/><line nr="11" mi="0" ci="1" mb="0" cb="0"/><line nr="14" mi="0" ci="2" mb="0" cb="0"/><line nr="18" mi="0" ci="4" mb="0" cb="0"/><counter type="INSTRUCTION" missed="0" covered="12"/><counter type="LINE" missed="0" covered="5"/><counter type="COMPLEXITY" missed="0" covered="3"/><counter type="METHOD" missed="0" covered="3"/><counter type="CLASS" missed="0" covered="1"/></sourcefile><counter type="INSTRUCTION" missed="11" covered="82"/><counter type="BRANCH" missed="2" covered="6"/><counter type="LINE" missed="3" covered="25"/><counter type="COMPLEXITY" missed="3" covered="16"/><counter type="METHOD" missed="1" covered="14"/><counter type="CLASS" missed="0" covered="4"/></package><counter type="INSTRUCTION" missed="11" covered="82"/><counter type="BRANCH" missed="2" covered="6"/><counter type="LINE" missed="3" covered="25"/><counter type="COMPLEXITY" missed="3" covered="16"/><counter type="METHOD" missed="1" covered="14"/><counter type="CLASS" missed="0" covered="4"/></report>